proguard/seeds.txt
com.hz.oo.BaseActivity
com.hz.oo.BaseActivity: BaseActivity()
com.hz.oo.ChangePwdActivity
com.hz.oo.ChangePwdActivity: ChangePwdActivity()
com.hz.oo.DressUpActivity
com.hz.oo.DressUpActivity: DressUpActivity()
com.hz.oo.FindPwdActivity
com.hz.oo.FindPwdActivity: FindPwdActivity()
com.hz.oo.LoginActivity
com.hz.oo.LoginActivity: LoginActivity()
com.hz.oo.LoginActivity: void onClick(android.view.View)
com.hz.oo.MainActivity
com.hz.oo.MainActivity: MainActivity()
com.hz.oo.MainActivity: void onClick(android.view.View)
com.hz.oo.MyFileActivity
com.hz.oo.MyFileActivity: MyFileActivity()
com.hz.oo.MyPhotoActivity
com.hz.oo.MyPhotoActivity: MyPhotoActivity()
com.hz.oo.QQMoneyActivity
com.hz.oo.QQMoneyActivity: QQMoneyActivity()
com.hz.oo.R$anim: int push_top_in
com.hz.oo.R$anim: int push_top_out
com.hz.oo.R$attr: int border_color
com.hz.oo.R$attr: int border_width
com.hz.oo.R$color: int _white
com.hz.oo.R$color: int black
com.hz.oo.R$color: int blue
com.hz.oo.R$color: int gray_black
com.hz.oo.R$color: int line
com.hz.oo.R$color: int status_color
com.hz.oo.R$color: int tab_select_color
com.hz.oo.R$color: int tab_uncelect_color
com.hz.oo.R$color: int transparent
com.hz.oo.R$color: int white
com.hz.oo.R$drawable: int app_logo
com.hz.oo.R$drawable: int back
com.hz.oo.R$drawable: int background_selector
com.hz.oo.R$drawable: int blue_background
com.hz.oo.R$drawable: int blue_background_next
com.hz.oo.R$drawable: int btn_browser
com.hz.oo.R$drawable: int btn_browser2
com.hz.oo.R$drawable: int ic_2dcode
com.hz.oo.R$drawable: int ic_add
com.hz.oo.R$drawable: int ic_back
com.hz.oo.R$drawable: int ic_back_blue
com.hz.oo.R$drawable: int ic_call_contact
com.hz.oo.R$drawable: int ic_dynamic_app
com.hz.oo.R$drawable: int ic_dynamic_care
com.hz.oo.R$drawable: int ic_dynamic_dynamic
com.hz.oo.R$drawable: int ic_dynamic_game
com.hz.oo.R$drawable: int ic_dynamic_group
com.hz.oo.R$drawable: int ic_dynamic_groups
com.hz.oo.R$drawable: int ic_dynamic_gz
com.hz.oo.R$drawable: int ic_dynamic_health
com.hz.oo.R$drawable: int ic_dynamic_interst
com.hz.oo.R$drawable: int ic_dynamic_location
com.hz.oo.R$drawable: int ic_dynamic_music
com.hz.oo.R$drawable: int ic_dynamic_new_friend
com.hz.oo.R$drawable: int ic_dynamic_play
com.hz.oo.R$drawable: int ic_dynamic_read
com.hz.oo.R$drawable: int ic_dynamic_samecity
com.hz.oo.R$drawable: int ic_dynamic_school
com.hz.oo.R$drawable: int ic_dynamic_shopping
com.hz.oo.R$drawable: int ic_harf
com.hz.oo.R$drawable: int ic_harf_background
com.hz.oo.R$drawable: int ic_launcher
com.hz.oo.R$drawable: int ic_main_contact_select
com.hz.oo.R$drawable: int ic_main_contact_unselect
com.hz.oo.R$drawable: int ic_main_dynamic_select
...
android.support.v4.app.FragmentTabHost$1
android.support.v4.app.FragmentTabHost$DummyTabFactory
android.support.v4.app.FragmentTabHost$DummyTabFactory: android.content.Context mContext
android.support.v4.app.FragmentTabHost$DummyTabFactory: FragmentTabHost$DummyTabFactory(android.content.Context)
android.support.v4.app.FragmentTabHost$DummyTabFactory: android.view.View createTabContent(java.lang.String)
android.support.v4.app.FragmentTabHost$SavedState
android.support.v4.app.FragmentTabHost$SavedState: java.lang.String curTab
android.support.v4.app.FragmentTabHost$SavedState: android.os.Parcelable$Creator CREATOR
android.support.v4.app.FragmentTabHost$SavedState: FragmentTabHost$SavedState(android.os.Parcelable)
android.support.v4.app.FragmentTabHost$SavedState: FragmentTabHost$SavedState(android.os.Parcel)
android.support.v4.app.FragmentTabHost$SavedState: void writeToParcel(android.os.Parcel,int)
android.support.v4.app.FragmentTabHost$SavedState: java.lang.String toString()
android.support.v4.app.FragmentTabHost$SavedState: FragmentTabHost$SavedState(android.os.Parcel,android.support.v4.app.FragmentTabHost$1)
android.support.v4.app.FragmentTabHost$SavedState: void <clinit>()
android.support.v4.app.FragmentTabHost$SavedState$1
android.support.v4.app.FragmentTabHost$SavedState$1: FragmentTabHost$SavedState$1()
android.support.v4.app.FragmentTabHost$SavedState$1: android.support.v4.app.FragmentTabHost$SavedState createFromParcel(android.os.Parcel)
android.support.v4.app.FragmentTabHost$SavedState$1: android.support.v4.app.FragmentTabHost$SavedState[] newArray(int)
android.support.v4.app.FragmentTabHost$SavedState$1: java.lang.Object[] newArray(int)
android.support.v4.app.FragmentTabHost$SavedState$1: java.lang.Object createFromParcel(android.os.Parcel)
android.support.v4.app.FragmentTabHost$TabInfo
android.support.v4.app.FragmentTabHost$TabInfo: java.lang.String tag
android.support.v4.app.FragmentTabHost$TabInfo: java.lang.Class clss
android.support.v4.app.FragmentTabHost$TabInfo: android.os.Bundle args
android.support.v4.app.FragmentTabHost$TabInfo: android.support.v4.app.Fragment fragment
android.support.v4.app.FragmentTabHost$TabInfo: FragmentTabHost$TabInfo(java.lang.String,java.lang.Class,android.os.Bundle)
android.support.v4.app.FragmentTabHost$TabInfo: android.support.v4.app.Fragment access$102(android.support.v4.app.FragmentTabHost$TabInfo,android.support.v4.app.Fragment)
android.support.v4.app.FragmentTabHost$TabInfo: android.support.v4.app.Fragment access$100(android.support.v4.app.FragmentTabHost$TabInfo)
android.support.v4.app.FragmentTabHost$TabInfo: java.lang.String access$200(android.support.v4.app.FragmentTabHost$TabInfo)
android.support.v4.app.FragmentTabHost$TabInfo: java.lang.Class access$300(android.support.v4.app.FragmentTabHost$TabInfo)
android.support.v4.app.FragmentTabHost$TabInfo: android.os.Bundle access$400(android.support.v4.app.FragmentTabHost$TabInfo)