proguard/mapping.txt
com.hz.oo.BaseActivity -> com.hz.oo.BaseActivity:
    java.lang.String versionNum -> a
    int versionMIUI -> b
    29:100:void onCreate(android.os.Bundle) -> onCreate
    104:113:void setTranslucentStatus(boolean) -> a
    1:1:android.view.View onCreateView(android.view.View,java.lang.String,android.content.Context,android.util.AttributeSet) -> onCreateView
    1:1:android.view.View onCreateView(java.lang.String,android.content.Context,android.util.AttributeSet) -> onCreateView
com.hz.oo.BuildConfig -> com.hz.oo.a:
    boolean DEBUG -> a
com.hz.oo.ChangePwdActivity -> com.hz.oo.ChangePwdActivity:
    android.widget.LinearLayout btn_back -> a
    14:25:void onCreate(android.os.Bundle) -> onCreate
    1:1:android.view.View onCreateView(android.view.View,java.lang.String,android.content.Context,android.util.AttributeSet) -> onCreateView
    1:1:android.view.View onCreateView(java.lang.String,android.content.Context,android.util.AttributeSet) -> onCreateView
com.hz.oo.ChangePwdActivity$1 -> com.hz.oo.b:
    com.hz.oo.ChangePwdActivity this$0 -> a
    22:23:void onClick(android.view.View) -> onClick
com.hz.oo.DressUpActivity -> com.hz.oo.DressUpActivity:
    12:14:void onCreate(android.os.Bundle) -> onCreate
    1:1:android.view.View onCreateView(android.view.View,java.lang.String,android.content.Context,android.util.AttributeSet) -> onCreateView
    1:1:android.view.View onCreateView(java.lang.String,android.content.Context,android.util.AttributeSet) -> onCreateView
com.hz.oo.FindPwdActivity -> com.hz.oo.FindPwdActivity:
    android.widget.LinearLayout btn_back -> a
    android.widget.ImageView findPasswordimg -> b
    android.widget.Button findPasswordCheck -> c
    22:48:void onCreate(android.os.Bundle) -> onCreate
    1:1:android.view.View onCreateView(android.view.View,java.lang.String,android.content.Context,android.util.AttributeSet) -> onCreateView
    1:1:android.view.View onCreateView(java.lang.String,android.content.Context,android.util.AttributeSet) -> onCreateView
    18:18:android.widget.ImageView access$2(com.hz.oo.FindPwdActivity) -> a
com.hz.oo.FindPwdActivity$1 -> com.hz.oo.c:
    com.hz.oo.FindPwdActivity this$0 -> a
    30:31:void onClick(android.view.View) -> onClick
com.hz.oo.FindPwdActivity$2 -> com.hz.oo.d:
    com.hz.oo.FindPwdActivity this$0 -> a
    44:46:void onClick(android.view.View) -> onClick
com.hz.oo.LoginActivity -> com.hz.oo.LoginActivity:
    android.widget.Button btn_login -> a
    android.widget.Button loginNewUser -> b
    android.widget.Button loginMissps -> c
    android.widget.Button loginChangePw -> d
    17:21:void onCreate(android.os.Bundle) -> onCreate
    24:32:void initView() -> a
    37:54:void onClick(android.view.View) -> onClick
    1:1:android.view.View onCreateView(android.view.View,java.lang.String,android.content.Context,android.util.AttributeSet) -> onCreateView
    1:1:android.view.View onCreateView(java.lang.String,android.content.Context,android.util.AttributeSet) -> onCreateView
...
android.support.v4.widget.NestedScrollView$AccessibilityDelegate -> android.support.v4.widget.NestedScrollView$AccessibilityDelegate:
    1877:1907:boolean performAccessibilityAction(android.view.View,int,android.os.Bundle) -> performAccessibilityAction
    1912:1927:void onInitializeAccessibilityNodeInfo(android.view.View,android.support.v4.view.accessibility.AccessibilityNodeInfoCompat) -> onInitializeAccessibilityNodeInfo
    1931:1941:void onInitializeAccessibilityEvent(android.view.View,android.view.accessibility.AccessibilityEvent) -> onInitializeAccessibilityEvent
android.support.v4.widget.NestedScrollView$OnScrollChangeListener -> android.support.v4.widget.NestedScrollView$OnScrollChangeListener:
    void onScrollChange(android.support.v4.widget.NestedScrollView,int,int,int,int) -> onScrollChange
android.support.v4.widget.NestedScrollView$SavedState -> android.support.v4.widget.NestedScrollView$SavedState:
    int scrollPosition -> scrollPosition
    android.os.Parcelable$Creator CREATOR -> CREATOR
    1851:1853:void writeToParcel(android.os.Parcel,int) -> writeToParcel
    1857:1857:java.lang.String toString() -> toString
android.support.v4.widget.NestedScrollView$SavedState$1 -> android.support.v4.widget.NestedScrollView$SavedState$1:
    1865:1865:android.support.v4.widget.NestedScrollView$SavedState createFromParcel(android.os.Parcel) -> createFromParcel
    1869:1869:android.support.v4.widget.NestedScrollView$SavedState[] newArray(int) -> newArray
    1863:1863:java.lang.Object[] newArray(int) -> newArray
    1863:1863:java.lang.Object createFromParcel(android.os.Parcel) -> createFromParcel
android.support.v4.widget.PopupMenuCompat -> android.support.v4.widget.PopupMenuCompat:
    android.support.v4.widget.PopupMenuCompat$PopupMenuImpl IMPL -> IMPL
    90:90:android.view.View$OnTouchListener getDragToOpenListener(java.lang.Object) -> getDragToOpenListener
android.support.v4.widget.PopupMenuCompat$BasePopupMenuImpl -> android.support.v4.widget.PopupMenuCompat$BasePopupMenuImpl:
    39:39:android.view.View$OnTouchListener getDragToOpenListener(java.lang.Object) -> getDragToOpenListener
android.support.v4.widget.PopupMenuCompat$KitKatPopupMenuImpl -> android.support.v4.widget.PopupMenuCompat$KitKatPopupMenuImpl:
    49:49:android.view.View$OnTouchListener getDragToOpenListener(java.lang.Object) -> getDragToOpenListener
android.support.v4.widget.PopupMenuCompat$PopupMenuImpl -> android.support.v4.widget.PopupMenuCompat$PopupMenuImpl:
    android.view.View$OnTouchListener getDragToOpenListener(java.lang.Object) -> getDragToOpenListener
android.support.v4.widget.PopupMenuCompatKitKat -> android.support.v4.widget.PopupMenuCompatKitKat:
    27:27:android.view.View$OnTouchListener getDragToOpenListener(java.lang.Object) -> getDragToOpenListener
android.support.v4.widget.PopupWindowCompat -> android.support.v4.widget.PopupWindowCompat:
    android.support.v4.widget.PopupWindowCompat$PopupWindowImpl IMPL -> IMPL
    171:172:void showAsDropDown(android.widget.PopupWindow,android.view.View,int,int,int) -> showAsDropDown
    181:182:void setOverlapAnchor(android.widget.PopupWindow,boolean) -> setOverlapAnchor
    191:191:boolean getOverlapAnchor(android.widget.PopupWindow) -> getOverlapAnchor
    204:205:void setWindowLayoutType(android.widget.PopupWindow,int) -> setWindowLayoutType
    213:213:int getWindowLayoutType(android.widget.PopupWindow) -> getWindowLayoutType
android.support.v4.widget.PopupWindowCompat$Api21PopupWindowImpl -> android.support.v4.widget.PopupWindowCompat$Api21PopupWindowImpl:
    99:100:void setOverlapAnchor(android.widget.PopupWindow,boolean) -> setOverlapAnchor
    104:104:boolean getOverlapAnchor(android.widget.PopupWindow) -> getOverlapAnchor